18:00:37.759 INFO - Selenium build info: version: '3.8.1', revision: '6e95a6684b'
18:00:37.759 INFO - Launching a standalone Selenium Server
2018-06-05 18:00:37.838:INFO::main: Logging initialized @299ms to org.seleniumhq.jetty9.util.log.StdErrLog
18:00:37.874 INFO - Using `new FirefoxOptions()` is preferred to `DesiredCapabilities.firefox()`
18:00:37.886 INFO - Using `new ChromeOptions()` is preferred to `DesiredCapabilities.chrome()`
18:00:37.888 INFO - Using `new EdgeOptions()` is preferred to `DesiredCapabilities.edge()`
18:00:37.889 INFO - Driver class not found: com.opera.core.systems.OperaDriver
18:00:37.889 INFO - Using `new OperaOptions()` is preferred to `DesiredCapabilities.operaBlink()`
18:00:37.890 INFO - Using `new SafariOptions()` is preferred to `DesiredCapabilities.safari()`
18:00:37.890 INFO - Driver class not found: org.openqa.selenium.phantomjs.PhantomJSDriver
18:00:37.920 INFO - Driver provider class org.openqa.selenium.ie.InternetExplorerDriver registration is skipped:
 registration capabilities Capabilities {browserName: internet explorer, ensureCleanSession: true, platform: WINDOWS, version: } does not match the current platform MAC
18:00:37.920 INFO - Driver provider class org.openqa.selenium.edge.EdgeDriver registration is skipped:
 registration capabilities Capabilities {browserName: MicrosoftEdge, platform: WINDOWS, version: } does not match the current platform MAC
18:00:37.952 INFO - Using `new ChromeOptions()` is preferred to `DesiredCapabilities.chrome()`
18:00:37.952 INFO - Using `new EdgeOptions()` is preferred to `DesiredCapabilities.edge()`
18:00:37.953 INFO - Using `new FirefoxOptions()` is preferred to `DesiredCapabilities.firefox()`
18:00:37.953 INFO - Using `new OperaOptions()` is preferred to `DesiredCapabilities.operaBlink()`
18:00:37.953 INFO - Using `new SafariOptions()` is preferred to `DesiredCapabilities.safari()`
18:00:37.964 INFO - Using the passthrough mode handler
2018-06-05 18:00:37.988:INFO:osjs.Server:main: jetty-9.4.7.v20170914
2018-06-05 18:00:38.009:WARN:osjs.SecurityHandler:main: ServletContext@o.s.j.s.ServletContextHandler@33723e30{/,null,STARTING} has uncovered http methods for path: /
2018-06-05 18:00:38.014:INFO:osjsh.ContextHandler:main: Started o.s.j.s.ServletContextHandler@33723e30{/,null,AVAILABLE}
2018-06-05 18:00:38.040:INFO:osjs.AbstractConnector:main: Started ServerConnector@306279ee{HTTP/1.1,[http/1.1]}{0.0.0.0:4444}
2018-06-05 18:00:38.040:INFO:osjs.Server:main: Started @501ms
18:00:38.041 INFO - Selenium Server is up and running
2018-06-05 18:00:38.207:INFO:osjshC.ROOT:qtp2080166188-15: org.openqa.selenium.remote.server.WebDriverServlet-167fdd33: Initialising WebDriverServlet
18:00:38.253 INFO - Found handler: org.openqa.selenium.remote.server.commandhandler.BeginSession@58e0f489
18:00:38.256 INFO - /session: Executing POST on /session (handler: BeginSession)
18:00:38.307 INFO - Capabilities are: Capabilities {acceptSslCerts: true, browserName: chrome, chromeOptions: {args: [start-fullscreen]}, javascriptEnabled: true, name: Create DLI}
18:00:38.309 INFO - Capabilities {acceptSslCerts: true, browserName: chrome, chromeOptions: {args: [start-fullscreen]}, javascriptEnabled: true, name: Create DLI} matched class org.openqa.selenium.remote.server.ServicedSession$Factory (provider: org.openqa.selenium.chrome.ChromeDriverService)
Starting ChromeDriver 2.37.544337 (8c0344a12e552148c185f7d5117db1f28d6c9e85) on port 32638
Only local connections are allowed.
18:00:39.293 INFO - Detected dialect: OSS
18:00:39.609 INFO - Found handler: org.openqa.selenium.remote.server.ServicedSession@4f4a48e0
18:00:39.609 INFO - Handler thread for session 7b973d93b58df0f188f62229f4ef91f8 (chrome): Executing POST on /session/7b973d93b58df0f188f62229f4ef91f8/url (handler: ServicedSession)
18:00:39.612 INFO - To upstream: {"url":"https://two.dev.lumigrow.com/#!/zones"}
18:00:42.168 INFO - To downstream: {"sessionId":"7b973d93b58df0f188f62229f4ef91f8","status":0,"value":null}
18:00:42.173 INFO - Found handler: org.openqa.selenium.remote.server.ServicedSession@4f4a48e0
18:00:42.173 INFO - Handler thread for session 7b973d93b58df0f188f62229f4ef91f8 (chrome): Executing POST on /session/7b973d93b58df0f188f62229f4ef91f8/elements (handler: ServicedSession)
18:00:42.175 INFO - To upstream: {"using":"css selector","value":"#loginusername"}
18:00:42.188 INFO - To downstream: {"sessionId":"7b973d93b58df0f188f62229f4ef91f8","status":0,"value":[{"ELEMENT":"0.15231926626517378-1"}]}
18:00:42.190 INFO - Found handler: org.openqa.selenium.remote.server.ServicedSession@4f4a48e0
18:00:42.191 INFO - Handler thread for session 7b973d93b58df0f188f62229f4ef91f8 (chrome): Executing GET on /session/7b973d93b58df0f188f62229f4ef91f8/element/0.15231926626517378-1/displayed (handler: ServicedSession)
18:00:42.202 INFO - To downstream: {"sessionId":"7b973d93b58df0f188f62229f4ef91f8","status":0,"value":false}
18:00:42.710 INFO - Found handler: org.openqa.selenium.remote.server.ServicedSession@4f4a48e0
18:00:42.711 INFO - Handler thread for session 7b973d93b58df0f188f62229f4ef91f8 (chrome): Executing GET on /session/7b973d93b58df0f188f62229f4ef91f8/element/0.15231926626517378-1/displayed (handler: ServicedSession)
18:00:42.720 INFO - To downstream: {"sessionId":"7b973d93b58df0f188f62229f4ef91f8","status":0,"value":false}
18:00:43.227 INFO - Found handler: org.openqa.selenium.remote.server.ServicedSession@4f4a48e0
18:00:43.227 INFO - Handler thread for session 7b973d93b58df0f188f62229f4ef91f8 (chrome): Executing GET on /session/7b973d93b58df0f188f62229f4ef91f8/element/0.15231926626517378-1/displayed (handler: ServicedSession)
18:00:43.237 INFO - To downstream: {"sessionId":"7b973d93b58df0f188f62229f4ef91f8","status":0,"value":false}
18:00:43.749 INFO - Found handler: org.openqa.selenium.remote.server.ServicedSession@4f4a48e0
18:00:43.749 INFO - Handler thread for session 7b973d93b58df0f188f62229f4ef91f8 (chrome): Executing GET on /session/7b973d93b58df0f188f62229f4ef91f8/element/0.15231926626517378-1/displayed (handler: ServicedSession)
18:00:43.759 INFO - To downstream: {"sessionId":"7b973d93b58df0f188f62229f4ef91f8","status":0,"value":true}
18:00:43.764 INFO - Found handler: org.openqa.selenium.remote.server.ServicedSession@4f4a48e0
18:00:43.764 INFO - Handler thread for session 7b973d93b58df0f188f62229f4ef91f8 (chrome): Executing POST on /session/7b973d93b58df0f188f62229f4ef91f8/element (handler: ServicedSession)
18:00:43.765 INFO - To upstream: {"using":"css selector","value":"#loginusername"}
18:00:43.777 INFO - To downstream: {"sessionId":"7b973d93b58df0f188f62229f4ef91f8","status":0,"value":{"ELEMENT":"0.15231926626517378-1"}}
18:00:43.779 INFO - Found handler: org.openqa.selenium.remote.server.ServicedSession@4f4a48e0
18:00:43.780 INFO - Handler thread for session 7b973d93b58df0f188f62229f4ef91f8 (chrome): Executing POST on /session/7b973d93b58df0f188f62229f4ef91f8/element/0.15231926626517378-1/value (handler: ServicedSession)
18:00:43.781 INFO - To upstream: {"value":["m","i","k","h","a","i","l",".","s","i","e","k","h","i","n"]}
18:00:43.869 INFO - To downstream: {"sessionId":"7b973d93b58df0f188f62229f4ef91f8","status":0,"value":null}
18:00:43.872 INFO - Found handler: org.openqa.selenium.remote.server.ServicedSession@4f4a48e0
18:00:43.873 INFO - Handler thread for session 7b973d93b58df0f188f62229f4ef91f8 (chrome): Executing POST on /session/7b973d93b58df0f188f62229f4ef91f8/element (handler: ServicedSession)
18:00:43.873 INFO - To upstream: {"using":"css selector","value":"#loginpassword"}
18:00:43.884 INFO - To downstream: {"sessionId":"7b973d93b58df0f188f62229f4ef91f8","status":0,"value":{"ELEMENT":"0.15231926626517378-2"}}
18:00:43.886 INFO - Found handler: org.openqa.selenium.remote.server.ServicedSession@4f4a48e0
18:00:43.887 INFO - Handler thread for session 7b973d93b58df0f188f62229f4ef91f8 (chrome): Executing POST on /session/7b973d93b58df0f188f62229f4ef91f8/element/0.15231926626517378-2/value (handler: ServicedSession)
18:00:43.888 INFO - To upstream: {"value":["P","a","s","s","w","o","r","d","1"]}
18:00:43.940 INFO - To downstream: {"sessionId":"7b973d93b58df0f188f62229f4ef91f8","status":0,"value":null}
18:00:43.943 INFO - Found handler: org.openqa.selenium.remote.server.ServicedSession@4f4a48e0
18:00:43.943 INFO - Handler thread for session 7b973d93b58df0f188f62229f4ef91f8 (chrome): Executing POST on /session/7b973d93b58df0f188f62229f4ef91f8/elements (handler: ServicedSession)
18:00:43.944 INFO - To upstream: {"using":"css selector","value":"#loginButton"}
18:00:43.955 INFO - To downstream: {"sessionId":"7b973d93b58df0f188f62229f4ef91f8","status":0,"value":[{"ELEMENT":"0.15231926626517378-3"}]}
18:00:43.958 INFO - Found handler: org.openqa.selenium.remote.server.ServicedSession@4f4a48e0
18:00:43.958 INFO - Handler thread for session 7b973d93b58df0f188f62229f4ef91f8 (chrome): Executing GET on /session/7b973d93b58df0f188f62229f4ef91f8/element/0.15231926626517378-3/displayed (handler: ServicedSession)
18:00:43.969 INFO - To downstream: {"sessionId":"7b973d93b58df0f188f62229f4ef91f8","status":0,"value":true}
18:00:43.972 INFO - Found handler: org.openqa.selenium.remote.server.ServicedSession@4f4a48e0
18:00:43.972 INFO - Handler thread for session 7b973d93b58df0f188f62229f4ef91f8 (chrome): Executing POST on /session/7b973d93b58df0f188f62229f4ef91f8/element (handler: ServicedSession)
18:00:43.973 INFO - To upstream: {"using":"css selector","value":"#loginButton"}
18:00:43.984 INFO - To downstream: {"sessionId":"7b973d93b58df0f188f62229f4ef91f8","status":0,"value":{"ELEMENT":"0.15231926626517378-3"}}
18:00:43.987 INFO - Found handler: org.openqa.selenium.remote.server.ServicedSession@4f4a48e0
18:00:43.987 INFO - Handler thread for session 7b973d93b58df0f188f62229f4ef91f8 (chrome): Executing POST on /session/7b973d93b58df0f188f62229f4ef91f8/element/0.15231926626517378-3/click (handler: ServicedSession)
18:00:43.988 INFO - To upstream: 
18:00:44.045 INFO - To downstream: {"sessionId":"7b973d93b58df0f188f62229f4ef91f8","status":0,"value":null}
18:00:44.059 INFO - Found handler: org.openqa.selenium.remote.server.ServicedSession@4f4a48e0
18:00:44.059 INFO - Handler thread for session 7b973d93b58df0f188f62229f4ef91f8 (chrome): Executing GET on /session/7b973d93b58df0f188f62229f4ef91f8/screenshot (handler: ServicedSession)
